c:\users\user\desktop\cnn-диплом\cnn_myown\cnn_myown\x64\debug\vc143.pdb
c:\users\user\desktop\cnn-диплом\cnn_myown\cnn_myown\x64\debug\vc143.idb
c:\users\user\desktop\cnn-диплом\cnn_myown\cnn_myown\x64\debug\tensor.obj
c:\users\user\desktop\cnn-диплом\cnn_myown\cnn_myown\x64\debug\main.obj
c:\users\user\desktop\cnn-диплом\cnn_myown\cnn_myown\x64\debug\convlayer.obj
c:\users\user\desktop\cnn-диплом\cnn_myown\cnn_myown\x64\debug\relu.obj
c:\users\user\desktop\cnn-диплом\cnn_myown\cnn_myown\x64\debug\maxpooling.obj
c:\users\user\desktop\cnn-диплом\cnn_myown\cnn_myown\x64\debug\fullyconnected.obj
c:\users\user\desktop\cnn-диплом\cnn_myown\cnn_myown\x64\debug\loss.obj
c:\users\user\desktop\cnn-диплом\cnn_myown\cnn_myown\x64\debug\cnn.obj
c:\users\user\desktop\cnn-диплом\cnn_myown\cnn_myown\x64\debug\cnn_myown.ilk
c:\users\user\desktop\cnn-диплом\cnn_myown\cnn_myown\x64\debug\main.obj.enc
c:\users\user\desktop\cnn-диплом\cnn_myown\x64\debug\cnn_myown.pdb
c:\users\user\desktop\cnn-диплом\cnn_myown\cnn_myown\x64\debug\cnn_myown.tlog\cl.command.1.tlog
c:\users\user\desktop\cnn-диплом\cnn_myown\cnn_myown\x64\debug\cnn_myown.tlog\cl.items.tlog
c:\users\user\desktop\cnn-диплом\cnn_myown\cnn_myown\x64\debug\cnn_myown.tlog\cl.read.1.tlog
c:\users\user\desktop\cnn-диплом\cnn_myown\cnn_myown\x64\debug\cnn_myown.tlog\cl.write.1.tlog
c:\users\user\desktop\cnn-диплом\cnn_myown\cnn_myown\x64\debug\cnn_myown.tlog\link-cvtres.read.1.tlog
c:\users\user\desktop\cnn-диплом\cnn_myown\cnn_myown\x64\debug\cnn_myown.tlog\link-cvtres.write.1.tlog
c:\users\user\desktop\cnn-диплом\cnn_myown\cnn_myown\x64\debug\cnn_myown.tlog\link-rc.read.1.tlog
c:\users\user\desktop\cnn-диплом\cnn_myown\cnn_myown\x64\debug\cnn_myown.tlog\link-rc.write.1.tlog
c:\users\user\desktop\cnn-диплом\cnn_myown\cnn_myown\x64\debug\cnn_myown.tlog\link.5096-cvtres.read.1.tlog
c:\users\user\desktop\cnn-диплом\cnn_myown\cnn_myown\x64\debug\cnn_myown.tlog\link.5096-cvtres.write.1.tlog
c:\users\user\desktop\cnn-диплом\cnn_myown\cnn_myown\x64\debug\cnn_myown.tlog\link.5096-rc.read.1.tlog
c:\users\user\desktop\cnn-диплом\cnn_myown\cnn_myown\x64\debug\cnn_myown.tlog\link.5096-rc.write.1.tlog
c:\users\user\desktop\cnn-диплом\cnn_myown\cnn_myown\x64\debug\cnn_myown.tlog\link.5096.read.1.tlog
c:\users\user\desktop\cnn-диплом\cnn_myown\cnn_myown\x64\debug\cnn_myown.tlog\link.5096.read.2.tlog
c:\users\user\desktop\cnn-диплом\cnn_myown\cnn_myown\x64\debug\cnn_myown.tlog\link.5096.write.1.tlog
c:\users\user\desktop\cnn-диплом\cnn_myown\cnn_myown\x64\debug\cnn_myown.tlog\link.command.1.tlog
c:\users\user\desktop\cnn-диплом\cnn_myown\cnn_myown\x64\debug\cnn_myown.tlog\link.read.1.tlog
c:\users\user\desktop\cnn-диплом\cnn_myown\cnn_myown\x64\debug\cnn_myown.tlog\link.read.2.tlog
c:\users\user\desktop\cnn-диплом\cnn_myown\cnn_myown\x64\debug\cnn_myown.tlog\link.read.3.tlog
c:\users\user\desktop\cnn-диплом\cnn_myown\cnn_myown\x64\debug\cnn_myown.tlog\link.secondary.1.tlog
c:\users\user\desktop\cnn-диплом\cnn_myown\cnn_myown\x64\debug\cnn_myown.tlog\link.write.1.tlog
