  ConvLayer.cpp
C:\Users\User\Desktop\CNN-диплом\CNN_MyOwn\CNN_MyOwn\ConvLayer.cpp(21,31): warning C4244: =: преобразование "int" в "_Ty", возможна потеря данных
C:\Users\User\Desktop\CNN-диплом\CNN_MyOwn\CNN_MyOwn\ConvLayer.cpp(21,31): warning C4244:         with
C:\Users\User\Desktop\CNN-диплом\CNN_MyOwn\CNN_MyOwn\ConvLayer.cpp(21,31): warning C4244:         [
C:\Users\User\Desktop\CNN-диплом\CNN_MyOwn\CNN_MyOwn\ConvLayer.cpp(21,31): warning C4244:             _Ty=float
C:\Users\User\Desktop\CNN-диплом\CNN_MyOwn\CNN_MyOwn\ConvLayer.cpp(21,31): warning C4244:         ]
  FullyConnected.cpp
C:\Users\User\Desktop\CNN-диплом\CNN_MyOwn\CNN_MyOwn\FullyConnected.cpp(16,23): warning C4244: =: преобразование "int" в "_Ty", возможна потеря данных
C:\Users\User\Desktop\CNN-диплом\CNN_MyOwn\CNN_MyOwn\FullyConnected.cpp(16,23): warning C4244:         with
C:\Users\User\Desktop\CNN-диплом\CNN_MyOwn\CNN_MyOwn\FullyConnected.cpp(16,23): warning C4244:         [
C:\Users\User\Desktop\CNN-диплом\CNN_MyOwn\CNN_MyOwn\FullyConnected.cpp(16,23): warning C4244:             _Ty=float
C:\Users\User\Desktop\CNN-диплом\CNN_MyOwn\CNN_MyOwn\FullyConnected.cpp(16,23): warning C4244:         ]
C:\Users\User\Desktop\CNN-диплом\CNN_MyOwn\CNN_MyOwn\FullyConnected.cpp(22,18): warning C4267: инициализация: преобразование из "size_t" в "int"; возможна потеря данных
  MaxPooling.cpp
  ReLU.cpp
  Tensor.cpp
C:\Users\User\Desktop\CNN-диплом\CNN_MyOwn\CNN_MyOwn\Tensor.cpp(21,25): warning C4244: аргумент: преобразование "int" в "_Ty", возможна потеря данных
C:\Users\User\Desktop\CNN-диплом\CNN_MyOwn\CNN_MyOwn\Tensor.cpp(21,25): warning C4244:         with
C:\Users\User\Desktop\CNN-диплом\CNN_MyOwn\CNN_MyOwn\Tensor.cpp(21,25): warning C4244:         [
C:\Users\User\Desktop\CNN-диплом\CNN_MyOwn\CNN_MyOwn\Tensor.cpp(21,25): warning C4244:             _Ty=float
C:\Users\User\Desktop\CNN-диплом\CNN_MyOwn\CNN_MyOwn\Tensor.cpp(21,25): warning C4244:         ]
  Создание кода...
  CNN_MyOwn.vcxproj -> C:\Users\User\Desktop\CNN-диплом\CNN_MyOwn\x64\Debug\CNN_MyOwn.exe
